<?xml version="1.0" encoding="UTF-8"?>
<!-- Generated by org.testng.reporters.JUnitXMLReporter -->
<testsuite ignored="0" hostname="IN-H7G00F3" failures="0" tests="4" name="Default test" time="11.53" errors="0" timestamp="2023-06-20T15:57:27 IST">
  <testcase classname="api.test.userTest" name="testPostUser" time="3.343"/>
  <testcase classname="api.test.userTest" name="testGetUserByName" time="1.447"/>
  <testcase classname="api.test.userTest" name="testUpdateUserByName" time="2.854"/>
  <testcase classname="api.test.userTest" name="testDeleteUserByName" time="1.425"/>
</testsuite> <!-- Default test -->
