<?xml version="1.0" encoding="UTF-8"?>
<!-- Generated by org.testng.reporters.JUnitXMLReporter -->
<testsuite ignored="0" hostname="IN-H7G00F3" failures="0" tests="4" name="Test" time="10.263" errors="0" timestamp="2023-06-20T16:41:24 IST">
  <testcase classname="api.test.userTest2" name="testPostUser" time="3.45"/>
  <testcase classname="api.test.userTest2" name="testGetUserByName" time="1.569"/>
  <testcase classname="api.test.userTest2" name="testUpdateUserByName" time="3.056"/>
  <testcase classname="api.test.userTest2" name="testDeleteUserByName" time="1.355"/>
</testsuite> <!-- Test -->
