<?xml version="1.0" encoding="UTF-8"?>
<!-- Generated by org.testng.reporters.JUnitXMLReporter -->
<testsuite ignored="0" hostname="IN-H7G00F3" failures="0" tests="4" name="Test" time="9.528" errors="0" timestamp="2023-06-20T17:22:29 IST">
  <testcase classname="api.test.userTest2" name="testPostUser" time="3.131"/>
  <testcase classname="api.test.userTest2" name="testGetUserByName" time="1.512"/>
  <testcase classname="api.test.userTest2" name="testUpdateUserByName" time="2.863"/>
  <testcase classname="api.test.userTest2" name="testDeleteUserByName" time="1.433"/>
</testsuite> <!-- Test -->
