<?xml version="1.0" encoding="UTF-8"?>
<testng-results ignored="0" total="4" passed="4" failed="0" skipped="0">
  <reporter-output>
  </reporter-output>
  <suite started-at="2023-06-20T17:22:19 IST" name="Suite" finished-at="2023-06-20T17:22:29 IST" duration-ms="9528">
    <groups>
    </groups>
    <test started-at="2023-06-20T17:22:19 IST" name="Test" finished-at="2023-06-20T17:22:29 IST" duration-ms="9528">
      <class name="api.test.userTest2">
        <test-method is-config="true" signature="setupData()[pri:0, instance:api.test.userTest2@2c767a52]" started-at="2023-06-20T17:22:19 IST" name="setupData" finished-at="2023-06-20T17:22:20 IST" duration-ms="550" status="PASS">
          <reporter-output>
          </reporter-output>
        </test-method> <!-- setupData -->
        <test-method signature="testPostUser()[pri:1, instance:api.test.userTest2@2c767a52]" started-at="2023-06-20T17:22:20 IST" name="testPostUser" finished-at="2023-06-20T17:22:23 IST" duration-ms="3131" status="PASS">
          <reporter-output>
          </reporter-output>
        </test-method> <!-- testPostUser -->
        <test-method signature="testGetUserByName()[pri:2, instance:api.test.userTest2@2c767a52]" started-at="2023-06-20T17:22:23 IST" name="testGetUserByName" finished-at="2023-06-20T17:22:25 IST" duration-ms="1512" status="PASS">
          <reporter-output>
          </reporter-output>
        </test-method> <!-- testGetUserByName -->
        <test-method signature="testUpdateUserByName()[pri:3, instance:api.test.userTest2@2c767a52]" started-at="2023-06-20T17:22:25 IST" name="testUpdateUserByName" finished-at="2023-06-20T17:22:27 IST" duration-ms="2863" status="PASS">
          <reporter-output>
          </reporter-output>
        </test-method> <!-- testUpdateUserByName -->
        <test-method signature="testDeleteUserByName()[pri:4, instance:api.test.userTest2@2c767a52]" started-at="2023-06-20T17:22:27 IST" name="testDeleteUserByName" finished-at="2023-06-20T17:22:29 IST" duration-ms="1433" status="PASS">
          <reporter-output>
          </reporter-output>
        </test-method> <!-- testDeleteUserByName -->
      </class> <!-- api.test.userTest2 -->
    </test> <!-- Test -->
  </suite> <!-- Suite -->
</testng-results>
