<?xml version="1.0" encoding="UTF-8"?>
<testng-results ignored="0" total="4" passed="4" failed="0" skipped="0">
  <reporter-output>
  </reporter-output>
  <suite started-at="2023-06-20T16:41:14 IST" name="Suite" finished-at="2023-06-20T16:41:24 IST" duration-ms="10263">
    <groups>
    </groups>
    <test started-at="2023-06-20T16:41:14 IST" name="Test" finished-at="2023-06-20T16:41:24 IST" duration-ms="10263">
      <class name="api.test.userTest2">
        <test-method is-config="true" signature="setupData()[pri:0, instance:api.test.userTest2@10e31a9a]" started-at="2023-06-20T16:41:14 IST" name="setupData" finished-at="2023-06-20T16:41:15 IST" duration-ms="786" status="PASS">
          <reporter-output>
          </reporter-output>
        </test-method> <!-- setupData -->
        <test-method signature="testPostUser()[pri:1, instance:api.test.userTest2@10e31a9a]" started-at="2023-06-20T16:41:15 IST" name="testPostUser" finished-at="2023-06-20T16:41:18 IST" duration-ms="3450" status="PASS">
          <reporter-output>
          </reporter-output>
        </test-method> <!-- testPostUser -->
        <test-method signature="testGetUserByName()[pri:2, instance:api.test.userTest2@10e31a9a]" started-at="2023-06-20T16:41:18 IST" name="testGetUserByName" finished-at="2023-06-20T16:41:20 IST" duration-ms="1569" status="PASS">
          <reporter-output>
          </reporter-output>
        </test-method> <!-- testGetUserByName -->
        <test-method signature="testUpdateUserByName()[pri:3, instance:api.test.userTest2@10e31a9a]" started-at="2023-06-20T16:41:20 IST" name="testUpdateUserByName" finished-at="2023-06-20T16:41:23 IST" duration-ms="3056" status="PASS">
          <reporter-output>
          </reporter-output>
        </test-method> <!-- testUpdateUserByName -->
        <test-method signature="testDeleteUserByName()[pri:4, instance:api.test.userTest2@10e31a9a]" started-at="2023-06-20T16:41:23 IST" name="testDeleteUserByName" finished-at="2023-06-20T16:41:24 IST" duration-ms="1355" status="PASS">
          <reporter-output>
          </reporter-output>
        </test-method> <!-- testDeleteUserByName -->
      </class> <!-- api.test.userTest2 -->
    </test> <!-- Test -->
  </suite> <!-- Suite -->
</testng-results>
